<?xml version="1.0" encoding="UTF-8"?>
<!-- Generated by org.testng.reporters.JUnitReportReporter -->
<testsuite hostname="LAPTOP-CO2IIAOD" failures="0" tests="7" name="org.ictkerala.Test_ictakLearnerTrackerApp.TestClass_PlacementOfficer" time="20.836" errors="0" timestamp="2024-04-06T18:41:23 IST" skipped="0">
  <testcase classname="org.ictkerala.Test_ictakLearnerTrackerApp.TestClass_PlacementOfficer" name="Pofficerloginvalid_1" time="5.903"/>
  <testcase classname="org.ictkerala.Test_ictakLearnerTrackerApp.TestClass_PlacementOfficer" name="Pofficerloginvalid_2" time="1.964"/>
  <testcase classname="org.ictkerala.Test_ictakLearnerTrackerApp.TestClass_PlacementOfficer" name="Pofficerloginvalid_3" time="1.870"/>
  <testcase classname="org.ictkerala.Test_ictakLearnerTrackerApp.TestClass_PlacementOfficer" name="Pofficerloginvalid_4" time="2.477"/>
  <testcase classname="org.ictkerala.Test_ictakLearnerTrackerApp.TestClass_PlacementOfficer" name="Pofficerlogvalid_1" time="0.803"/>
  <testcase classname="org.ictkerala.Test_ictakLearnerTrackerApp.TestClass_PlacementOfficer" name="PofficerUpdate_1" time="5.341"/>
  <testcase classname="org.ictkerala.Test_ictakLearnerTrackerApp.TestClass_PlacementOfficer" name="PofficerUpdate_4" time="2.478"/>
</testsuite> <!-- org.ictkerala.Test_ictakLearnerTrackerApp.TestClass_PlacementOfficer -->
