<?xml version="1.0" encoding="UTF-8"?>
<!-- Generated by org.testng.reporters.JUnitReportReporter -->
<testsuite hostname="LAPTOP-CO2IIAOD" failures="0" tests="12" name="org.ictkerala.Test_ictakLearnerTrackerApp.TestClass_TrainerHeader" time="31.059" errors="0" timestamp="2024-04-06T18:41:23 IST" skipped="0">
  <testcase classname="org.ictkerala.Test_ictakLearnerTrackerApp.TestClass_TrainerHeader" name="Trainloginvalid_1" time="4.931"/>
  <testcase classname="org.ictkerala.Test_ictakLearnerTrackerApp.TestClass_TrainerHeader" name="Trainloginvalid_2" time="2.055"/>
  <testcase classname="org.ictkerala.Test_ictakLearnerTrackerApp.TestClass_TrainerHeader" name="Trainloginvalid_3" time="1.646"/>
  <testcase classname="org.ictkerala.Test_ictakLearnerTrackerApp.TestClass_TrainerHeader" name="Trainloginvalid_4" time="2.588"/>
  <testcase classname="org.ictkerala.Test_ictakLearnerTrackerApp.TestClass_TrainerHeader" name="Trainlogvalid_1" time="1.197"/>
  <testcase classname="org.ictkerala.Test_ictakLearnerTrackerApp.TestClass_TrainerHeader" name="Learnerform_2" time="1.849"/>
  <testcase classname="org.ictkerala.Test_ictakLearnerTrackerApp.TestClass_TrainerHeader" name="Learnerform_4" time="3.232"/>
  <testcase classname="org.ictkerala.Test_ictakLearnerTrackerApp.TestClass_TrainerHeader" name="LearnerAdd_1" time="3.967"/>
  <testcase classname="org.ictkerala.Test_ictakLearnerTrackerApp.TestClass_TrainerHeader" name="Trainervali_1" time="5.227"/>
  <testcase classname="org.ictkerala.Test_ictakLearnerTrackerApp.TestClass_TrainerHeader" name="TrainerBulk_1" time="1.721"/>
  <testcase classname="org.ictkerala.Test_ictakLearnerTrackerApp.TestClass_TrainerHeader" name="TrainerBulk_4" time="1.406"/>
  <testcase classname="org.ictkerala.Test_ictakLearnerTrackerApp.TestClass_TrainerHeader" name="TrainerBulk_7" time="1.240"/>
</testsuite> <!-- org.ictkerala.Test_ictakLearnerTrackerApp.TestClass_TrainerHeader -->
