<?xml version="1.0" encoding="UTF-8"?>
<!-- Generated by org.testng.reporters.JUnitReportReporter -->
<testsuite hostname="LAPTOP-CO2IIAOD" failures="0" tests="1" name="org.ictkerala.Test_ictakLearnerTrackerApp.TestClass_Admin" time="3.353" errors="0" timestamp="2024-04-06T18:41:23 IST" skipped="0">
  <testcase classname="org.ictkerala.Test_ictakLearnerTrackerApp.TestClass_Admin" name="Adminlogin_1" time="3.353"/>
</testsuite> <!-- org.ictkerala.Test_ictakLearnerTrackerApp.TestClass_Admin -->
